<?xml version="1.0" encoding="UTF-8" standalone="yes"?>
<!DOCTYPE report PUBLIC "-//JACOCO//DTD Report 1.1//EN" "report.dtd">
<report name="sample">
    <sessioninfo id="LTPHSTRGRUA-c46aa5b9" start="1649333966487" dump="1649333966861" />
    <package name="sample">
        <class name="sample/Sum" sourcefilename="Sum.java">
            <method name="&lt;init&gt;" desc="()V" line="3">
                <counter type="INSTRUCTION" missed="3" covered="0" />
                <counter type="LINE" missed="1" covered="0" />
                <counter type="COMPLEXITY" missed="1" covered="0" />
                <counter type="METHOD" missed="1" covered="0" />
            </method>
            <method name="sum" desc="(II)I" line="5">
                <counter type="INSTRUCTION" missed="0" covered="4" />
                <counter type="LINE" missed="0" covered="1" />
                <counter type="COMPLEXITY" missed="0" covered="1" />
                <counter type="METHOD" missed="0" covered="1" />
            </method>
            <counter type="INSTRUCTION" missed="3" covered="4" />
            <counter type="LINE" missed="1" covered="1" />
            <counter type="COMPLEXITY" missed="1" covered="1" />
            <counter type="METHOD" missed="1" covered="1" />
            <counter type="CLASS" missed="0" covered="1" />
        </class>
        <class name="sample/App" sourcefilename="App.java">
            <method name="&lt;init&gt;" desc="()V" line="7">
                <counter type="INSTRUCTION" missed="3" covered="0" />
                <counter type="LINE" missed="1" covered="0" />
                <counter type="COMPLEXITY" missed="1" covered="0" />
                <counter type="METHOD" missed="1" covered="0" />
            </method>
            <method name="main" desc="([Ljava/lang/String;)V" line="11">
                <counter type="INSTRUCTION" missed="4" covered="0" />
                <counter type="LINE" missed="2" covered="0" />
                <counter type="COMPLEXITY" missed="1" covered="0" />
                <counter type="METHOD" missed="1" covered="0" />
            </method>
            <counter type="INSTRUCTION" missed="7" covered="0" />
            <counter type="LINE" missed="3" covered="0" />
            <counter type="COMPLEXITY" missed="2" covered="0" />
            <counter type="METHOD" missed="2" covered="0" />
            <counter type="CLASS" missed="1" covered="0" />
        </class>
        <sourcefile name="App.java">
            <line nr="7" mi="3" ci="0" mb="0" cb="0" />
            <line nr="11" mi="3" ci="0" mb="0" cb="0" />
            <line nr="12" mi="1" ci="0" mb="0" cb="0" />
            <counter type="INSTRUCTION" missed="7" covered="0" />
            <counter type="LINE" missed="3" covered="0" />
            <counter type="COMPLEXITY" missed="2" covered="0" />
            <counter type="METHOD" missed="2" covered="0" />
            <counter type="CLASS" missed="1" covered="0" />
        </sourcefile>
        <sourcefile name="Sum.java">
            <line nr="3" mi="3" ci="0" mb="0" cb="0" />
            <line nr="5" mi="0" ci="4" mb="0" cb="0" />
            <counter type="INSTRUCTION" missed="3" covered="4" />
            <counter type="LINE" missed="1" covered="1" />
            <counter type="COMPLEXITY" missed="1" covered="1" />
            <counter type="METHOD" missed="1" covered="1" />
            <counter type="CLASS" missed="0" covered="1" />
        </sourcefile>
        <counter type="INSTRUCTION" missed="10" covered="4" />
        <counter type="LINE" missed="4" covered="1" />
        <counter type="COMPLEXITY" missed="3" covered="1" />
        <counter type="METHOD" missed="3" covered="1" />
        <counter type="CLASS" missed="1" covered="1" />
    </package>
    <counter type="INSTRUCTION" missed="10" covered="4" />
    <counter type="LINE" missed="4" covered="1" />
    <counter type="COMPLEXITY" missed="3" covered="1" />
    <counter type="METHOD" missed="3" covered="1" />
    <counter type="CLASS" missed="1" covered="1" />
</report>