<?xml version="1.0" encoding="UTF-8"?>
<coverage generated="1648220925785" clover="3.2.0">
  <project timestamp="1648220925785" name="All files">
    <metrics statements="11" coveredstatements="11" conditionals="0" coveredconditionals="0" methods="4" coveredmethods="4" elements="15" coveredelements="15" complexity="0" loc="11" ncloc="11" packages="1" files="1" classes="1"/>
    <file name="decoration-practice.js" path="C:\Users\Administrator\Desktop\Programming\Javascript\decoration-practice.js">
      <metrics statements="11" coveredstatements="11" conditionals="0" coveredconditionals="0" methods="4" coveredmethods="4"/>
      <line num="1" count="1" type="stmt"/>
      <line num="2" count="2" type="stmt"/>
      <line num="9" count="1" type="stmt"/>
      <line num="11" count="1" type="stmt"/>
      <line num="14" count="1" type="stmt"/>
      <line num="15" count="1" type="stmt"/>
      <line num="19" count="1" type="stmt"/>
      <line num="21" count="1" type="stmt"/>
      <line num="23" count="1" type="stmt"/>
      <line num="24" count="1" type="stmt"/>
      <line num="27" count="1" type="stmt"/>
    </file>
  </project>
</coverage>
